<?xml version="1.0" encoding="UTF-8"?>
<!-- Generated by org.testng.reporters.JUnitReportReporter -->
<testsuite hostname="DESKTOP-1B17E07" failures="0" tests="1" name="TestNG_Examples.TestNG_Example2" time="0.006" errors="0" timestamp="2024-09-10T10:34:46 IST" skipped="0">
  <testcase classname="TestNG_Examples.TestNG_Example2" name="main" time="0.006"/>
  <system-out/>
</testsuite> <!-- TestNG_Examples.TestNG_Example2 -->
