<?xml version="1.0" encoding="UTF-8"?>
<!-- Generated by org.testng.reporters.JUnitReportReporter -->
<testsuite hostname="DESKTOP-1B17E07" failures="0" tests="1" name="TestNG_Examples.Login_Functionality" time="11.586" errors="0" timestamp="2024-09-10T10:49:02 IST" skipped="0">
  <testcase classname="TestNG_Examples.Login_Functionality" name="login" time="11.586"/>
  <system-out/>
</testsuite> <!-- TestNG_Examples.Login_Functionality -->
