<?xml version="1.0" encoding="UTF-8"?>
<!-- Generated by org.testng.reporters.JUnitReportReporter -->
<testsuite hostname="DESKTOP-1B17E07" failures="0" tests="3" name="TestNG_Examples.TestNG5" time="0.011" errors="0" timestamp="2024-09-10T10:34:46 IST" skipped="0">
  <testcase classname="TestNG_Examples.TestNG5" name="main" time="0.003"/>
  <system-out/>
  <testcase classname="TestNG_Examples.TestNG5" name="main2" time="0.003"/>
  <system-out/>
  <testcase classname="TestNG_Examples.TestNG5" name="main3" time="0.005"/>
  <system-out/>
</testsuite> <!-- TestNG_Examples.TestNG5 -->
