<?xml version="1.0" encoding="UTF-8"?>
<!-- Generated by org.testng.reporters.JUnitReportReporter -->
<testsuite hostname="DESKTOP-1B17E07" failures="0" tests="1" name="POM.LoginTest" time="11.867" errors="0" timestamp="2024-09-12T15:27:42 IST" skipped="0">
  <testcase classname="POM.LoginTest" name="login" time="11.867"/>
  <system-out/>
</testsuite> <!-- POM.LoginTest -->
