<?xml version="1.0" encoding="UTF-8"?>
<!-- Generated by org.testng.reporters.JUnitReportReporter -->
<testsuite hostname="DESKTOP-1B17E07" failures="0" tests="1" name="Data_driven_Framework.Login_Functionality" time="14.086" errors="0" timestamp="2024-09-18T18:55:39 IST" skipped="0">
  <testcase classname="Data_driven_Framework.Login_Functionality" name="login" time="14.086"/>
  <system-out/>
</testsuite> <!-- Data_driven_Framework.Login_Functionality -->
